Compiling the C compiler identification source file "CMakeCCompilerId.c" failed.
Compiler: /usr/bin/clang-6.0 
Build flags: 
Id flags:  

The output was:
1
/usr/bin/ld: final link failed: Operation not supported
clang: error: linker command failed with exit code 1 (use -v to see invocation)


Compiling the CXX compiler identification source file "CMakeCXXCompilerId.cpp" failed.
Compiler: /usr/bin/clang++-6.0 
Build flags: 
Id flags:  

The output was:
1
/usr/bin/ld: final link failed: Operation not supported
clang: error: linker command failed with exit code 1 (use -v to see invocation)


Determining if the C compiler works failed with the following output:
Change Dir: /run/user/1000/gvfs/sftp:host=10.0.0.187,user=ku-t2/home/ku-t2/catkin_ws_HEAR/src/HEAR_Navio2_FC/build/CMakeFiles/CMakeTmp

Run Build Command:"/usr/bin/make" "cmTC_9f611/fast"
/usr/bin/make -f CMakeFiles/cmTC_9f611.dir/build.make CMakeFiles/cmTC_9f611.dir/build
make[1]: Entering directory '/run/user/1000/gvfs/sftp:host=10.0.0.187,user=ku-t2/home/ku-t2/catkin_ws_HEAR/src/HEAR_Navio2_FC/build/CMakeFiles/CMakeTmp'
Building C object CMakeFiles/cmTC_9f611.dir/testCCompiler.c.o
/usr/bin/clang-6.0    -o CMakeFiles/cmTC_9f611.dir/testCCompiler.c.o   -c /run/user/1000/gvfs/sftp:host=10.0.0.187,user=ku-t2/home/ku-t2/catkin_ws_HEAR/src/HEAR_Navio2_FC/build/CMakeFiles/CMakeTmp/testCCompiler.c
Linking C executable cmTC_9f611
/usr/bin/cmake -E cmake_link_script CMakeFiles/cmTC_9f611.dir/link.txt --verbose=1
/usr/bin/clang-6.0      -rdynamic CMakeFiles/cmTC_9f611.dir/testCCompiler.c.o  -o cmTC_9f611 
/usr/bin/ld: final link failed: Operation not supported
clang: error: linker command failed with exit code 1 (use -v to see invocation)
CMakeFiles/cmTC_9f611.dir/build.make:97: recipe for target 'cmTC_9f611' failed
make[1]: *** [cmTC_9f611] Error 1
make[1]: Leaving directory '/run/user/1000/gvfs/sftp:host=10.0.0.187,user=ku-t2/home/ku-t2/catkin_ws_HEAR/src/HEAR_Navio2_FC/build/CMakeFiles/CMakeTmp'
Makefile:126: recipe for target 'cmTC_9f611/fast' failed
make: *** [cmTC_9f611/fast] Error 2


